{"level":"high", "message":"Hola Mundo", "createdAt":"1231232213213"}
{"level":"high", "message":"Hola Mundo", "createdAt":"1231232213213"}
{"level":"high", "message":"Hola Mundo", "createdAt":"1231232213213"}
{"level":"high", "message":"Hola Mundo", "createdAt":"1231232213213"}
{"level":"high", "message":"Hola Mundo", "createdAt":"1231232213213"}
{"level":"high", "message":"Hola Mundo", "createdAt":"1231232213213"}
{"level":"high", "message":"Hola Mundo", "createdAt":"1231232213213"}
{"level":"high", "message":"Hola Mundo", "createdAt":"1231232213213"}
{"level":"high", "message":"Hola Mundo", "createdAt":"1231232213213"}
{"level":"high", "message":"Hola Mundo", "createdAt":"1231232213213"}{"message":"Service https://google.com working","level":"low","createdAt":"2023-12-16T14:49:20.577Z"}
{"message":"Service https://google.com working","level":"low","createdAt":"2023-12-16T14:49:25.172Z"}
{"message":"Service https://google.com working","level":"low","createdAt":"2023-12-16T14:49:30.437Z"}
{"message":"Service https://google.com working","level":"low","createdAt":"2023-12-16T14:49:35.171Z"}
{"message":"Service https://google.com working","level":"low","createdAt":"2023-12-16T14:49:40.516Z"}
{"message":"Service https://google.com working","level":"low","createdAt":"2023-12-16T14:49:45.186Z"}
{"message":"Service https://google.com working","level":"low","createdAt":"2023-12-16T14:49:50.481Z"}
{"message":"Service https://google.com working","level":"low","createdAt":"2023-12-16T14:49:55.173Z"}
{"message":"Service https://google.com working","level":"low","createdAt":"2023-12-16T14:50:00.456Z"}
{"message":"Service https://google.com working","level":"low","createdAt":"2023-12-16T14:50:05.188Z"}
{"message":"Service https://google.com working","level":"low","createdAt":"2023-12-16T14:50:10.422Z"}
{"message":"Service https://google.com working","level":"low","createdAt":"2023-12-16T14:50:15.305Z"}
{"message":"Service https://google.com working","level":"low","createdAt":"2023-12-16T14:50:20.309Z"}
{"message":"Service https://google.com working","level":"low","createdAt":"2023-12-16T14:50:20.611Z"}
{"message":"Service https://google.com working","level":"low","createdAt":"2023-12-16T14:50:25.180Z"}
{"message":"Service https://google.com working","level":"low","createdAt":"2023-12-16T14:50:25.331Z"}
{"message":"Service https://google.com working","level":"low","createdAt":"2023-12-16T14:50:30.430Z"}
{"message":"Service https://google.com working","level":"low","createdAt":"2023-12-16T14:50:30.440Z"}
{"message":"Service https://google.com working","level":"low","createdAt":"2023-12-16T14:50:35.185Z"}
{"message":"Service https://google.com working","level":"low","createdAt":"2023-12-16T14:50:35.482Z"}
{"message":"Service https://google.com working","level":"low","createdAt":"2023-12-16T14:50:40.311Z"}
{"message":"Service https://google.com working","level":"low","createdAt":"2023-12-16T14:50:40.454Z"}
{"message":"Service https://google.com working","level":"low","createdAt":"2023-12-16T14:50:45.192Z"}
{"message":"Service https://google.com working","level":"low","createdAt":"2023-12-16T14:50:45.308Z"}
{"message":"Service https://google.com working","level":"low","createdAt":"2023-12-16T14:50:50.415Z"}
{"message":"Service https://google.com working","level":"low","createdAt":"2023-12-16T14:50:50.618Z"}
{"message":"Service https://google.com working","level":"low","createdAt":"2023-12-16T14:50:55.182Z"}
{"message":"Service https://google.com working","level":"low","createdAt":"2023-12-16T14:50:55.320Z"}
{"message":"Service https://google.com working","level":"low","createdAt":"2023-12-16T14:51:00.452Z"}
{"message":"Service https://google.com working","level":"low","createdAt":"2023-12-16T14:51:00.529Z"}
{"message":"Service https://google.com working","level":"low","createdAt":"2023-12-16T14:51:05.181Z"}
{"message":"Service https://google.com working","level":"low","createdAt":"2023-12-16T14:51:05.272Z"}
{"message":"Service https://google.com working","level":"low","createdAt":"2023-12-16T14:51:10.437Z"}
{"message":"Service https://google.com working","level":"low","createdAt":"2023-12-16T14:51:10.733Z"}
{"message":"Service https://google.com working","level":"low","createdAt":"2023-12-16T14:51:15.176Z"}
{"message":"Service https://google.com working","level":"low","createdAt":"2023-12-16T14:51:15.184Z"}
{"message":"Service https://google.com working","level":"low","createdAt":"2023-12-16T14:51:20.305Z"}
{"message":"Service https://google.com working","level":"low","createdAt":"2023-12-16T14:51:20.430Z"}
{"message":"Service https://google.com working","level":"low","createdAt":"2023-12-16T14:51:25.182Z"}
{"message":"Service https://google.com working","level":"low","createdAt":"2023-12-16T14:51:25.311Z"}
{"message":"Service https://google.com working","level":"low","createdAt":"2023-12-16T14:51:30.294Z"}
{"message":"Service https://google.com working","level":"low","createdAt":"2023-12-16T14:51:30.434Z"}
{"message":"Service https://google.com working","level":"low","createdAt":"2023-12-16T14:51:35.187Z"}
{"message":"Service https://google.com working","level":"low","createdAt":"2023-12-16T14:51:35.318Z"}
{"message":"Service https://google.com working","level":"low","createdAt":"2023-12-16T14:51:40.296Z"}
{"message":"Service https://google.com working","level":"low","createdAt":"2023-12-16T14:51:40.445Z"}
{"message":"Service https://google.com working","level":"low","createdAt":"2023-12-16T14:51:45.183Z"}
{"message":"Service https://google.com working","level":"low","createdAt":"2023-12-16T14:51:45.429Z"}
{"message":"Service https://google.com working","level":"low","createdAt":"2023-12-16T14:51:50.174Z"}
{"message":"Service https://google.com working","level":"low","createdAt":"2023-12-16T14:51:50.434Z"}
{"message":"Service https://google.com working","level":"low","createdAt":"2023-12-16T14:51:55.180Z"}
{"message":"Service https://google.com working","level":"low","createdAt":"2023-12-16T14:51:55.300Z"}
{"message":"Service https://google.com working","level":"low","createdAt":"2023-12-16T14:52:00.303Z"}
{"message":"Service https://google.com working","level":"low","createdAt":"2023-12-16T14:52:00.429Z"}
{"message":"Service https://google.com working","level":"low","createdAt":"2023-12-16T14:52:05.182Z"}
{"message":"Service https://google.com working","level":"low","createdAt":"2023-12-16T14:52:05.408Z"}
{"message":"Service https://google.com working","level":"low","createdAt":"2023-12-16T14:52:10.315Z"}
{"message":"Service https://google.com working","level":"low","createdAt":"2023-12-16T14:52:10.411Z"}
{"message":"Service https://google.com working","level":"low","createdAt":"2023-12-16T14:52:15.308Z"}
{"message":"Service https://google.com working","level":"low","createdAt":"2023-12-16T14:52:15.314Z"}
{"message":"Service https://google.com working","level":"low","createdAt":"2023-12-16T14:52:20.302Z"}
{"message":"Service https://google.com working","level":"low","createdAt":"2023-12-16T14:52:20.436Z"}
{"message":"Service https://google.com working","level":"low","createdAt":"2023-12-16T14:52:25.514Z"}
{"message":"Service https://google.com working","level":"low","createdAt":"2023-12-16T14:52:25.584Z"}
{"message":"Service https://google.com working","level":"low","createdAt":"2023-12-16T14:52:30.185Z"}
{"message":"Service https://google.com working","level":"low","createdAt":"2023-12-16T14:52:30.185Z"}
{"message":"Service https://google.com working","level":"low","createdAt":"2023-12-16T14:52:35.422Z"}
{"message":"Service https://google.com working","level":"low","createdAt":"2023-12-16T14:52:35.439Z"}
{"message":"Service https://google.com working","level":"low","createdAt":"2023-12-16T14:52:40.174Z"}
{"message":"Service https://google.com working","level":"low","createdAt":"2023-12-16T14:52:40.178Z"}
{"message":"Service https://google.com working","level":"low","createdAt":"2023-12-16T14:52:45.297Z"}
{"message":"Service https://google.com working","level":"low","createdAt":"2023-12-16T14:52:45.430Z"}
{"message":"Service https://google.com working","level":"low","createdAt":"2023-12-16T14:52:50.178Z"}
{"message":"Service https://google.com working","level":"low","createdAt":"2023-12-16T14:52:50.296Z"}
{"message":"Service https://google.com working","level":"low","createdAt":"2023-12-16T14:52:55.298Z"}
{"message":"Service https://google.com working","level":"low","createdAt":"2023-12-16T14:52:55.429Z"}
{"message":"Service https://google.com working","level":"low","createdAt":"2023-12-16T14:53:00.268Z"}
{"message":"Service https://google.com working","level":"low","createdAt":"2023-12-16T14:53:00.617Z"}
{"message":"Service https://google.com working","level":"low","createdAt":"2023-12-16T14:53:05.309Z"}
{"message":"Service https://google.com working","level":"low","createdAt":"2023-12-16T14:53:05.400Z"}
{"message":"Service https://google.com working","level":"low","createdAt":"2023-12-16T14:53:10.302Z"}
{"message":"Service https://google.com working","level":"low","createdAt":"2023-12-16T14:53:10.738Z"}
{"message":"Service https://google.com working","level":"low","createdAt":"2023-12-16T14:53:15.400Z"}
{"message":"Service https://google.com working","level":"low","createdAt":"2023-12-16T14:53:15.525Z"}
{"message":"Service https://google.com working","level":"low","createdAt":"2023-12-16T14:53:20.279Z"}
{"message":"Service https://google.com working","level":"low","createdAt":"2023-12-16T14:53:20.304Z"}
{"message":"Service https://google.com working","level":"low","createdAt":"2023-12-16T14:53:25.420Z"}
{"message":"Service https://google.com working","level":"low","createdAt":"2023-12-16T14:53:25.611Z"}
{"message":"Service https://google.com working","level":"low","createdAt":"2023-12-16T14:53:30.191Z"}
{"message":"Service https://google.com working","level":"low","createdAt":"2023-12-16T14:53:30.314Z"}
{"message":"Service https://google.com working","level":"low","createdAt":"2023-12-16T14:53:35.298Z"}
{"message":"Service https://google.com working","level":"low","createdAt":"2023-12-16T14:53:35.428Z"}
{"message":"Service https://google.com working","level":"low","createdAt":"2023-12-16T14:53:40.170Z"}
{"message":"Service https://google.com working","level":"low","createdAt":"2023-12-16T14:53:40.427Z"}
{"message":"Service https://google.com working","level":"low","createdAt":"2023-12-16T14:53:45.519Z"}
{"message":"Service https://google.com working","level":"low","createdAt":"2023-12-16T14:53:45.522Z"}
{"message":"Service https://google.com working","level":"low","createdAt":"2023-12-16T14:53:50.184Z"}
{"message":"Service https://google.com working","level":"low","createdAt":"2023-12-16T14:53:50.197Z"}
{"message":"Service https://google.com working","level":"low","createdAt":"2023-12-16T14:53:55.441Z"}
{"message":"Service https://google.com working","level":"low","createdAt":"2023-12-16T14:53:55.444Z"}
{"message":"http://localhost:3000 is not ok. TypeError: fetch failed","level":"high","createdAt":"2023-12-16T14:54:00.038Z"}
{"message":"http://localhost:3000 is not ok. TypeError: fetch failed","level":"high","createdAt":"2023-12-16T14:54:00.040Z"}
{"message":"http://localhost:3000 is not ok. TypeError: fetch failed","level":"high","createdAt":"2023-12-16T14:54:05.011Z"}
{"message":"http://localhost:3000 is not ok. TypeError: fetch failed","level":"high","createdAt":"2023-12-16T14:54:05.011Z"}
{"message":"http://localhost:3000 is not ok. TypeError: fetch failed","level":"high","createdAt":"2023-12-16T14:54:10.012Z"}
{"message":"http://localhost:3000 is not ok. TypeError: fetch failed","level":"high","createdAt":"2023-12-16T14:54:10.013Z"}
{"message":"http://localhost:3000 is not ok. TypeError: fetch failed","level":"high","createdAt":"2023-12-16T14:54:15.012Z"}
{"message":"http://localhost:3000 is not ok. TypeError: fetch failed","level":"high","createdAt":"2023-12-16T14:54:15.012Z"}
{"message":"http://localhost:3000 is not ok. TypeError: fetch failed","level":"high","createdAt":"2023-12-16T14:54:20.009Z"}
{"message":"http://localhost:3000 is not ok. TypeError: fetch failed","level":"high","createdAt":"2023-12-16T14:54:20.009Z"}
{"message":"http://localhost:3000 is not ok. TypeError: fetch failed","level":"high","createdAt":"2023-12-16T14:54:25.013Z"}
{"message":"http://localhost:3000 is not ok. TypeError: fetch failed","level":"high","createdAt":"2023-12-16T14:54:25.013Z"}
{"message":"http://localhost:3000 is not ok. TypeError: fetch failed","level":"high","createdAt":"2023-12-16T14:54:30.012Z"}
{"message":"http://localhost:3000 is not ok. TypeError: fetch failed","level":"high","createdAt":"2023-12-16T14:54:30.012Z"}
{"message":"http://localhost:3000 is not ok. TypeError: fetch failed","level":"high","createdAt":"2023-12-16T14:54:35.005Z"}
{"message":"http://localhost:3000 is not ok. TypeError: fetch failed","level":"high","createdAt":"2023-12-16T14:54:35.005Z"}
{"message":"http://localhost:3000 is not ok. TypeError: fetch failed","level":"high","createdAt":"2023-12-16T14:54:35.038Z"}
{"message":"http://localhost:3000 is not ok. TypeError: fetch failed","level":"high","createdAt":"2023-12-16T14:54:40.012Z"}
{"message":"http://localhost:3000 is not ok. TypeError: fetch failed","level":"high","createdAt":"2023-12-16T14:54:40.012Z"}
{"message":"http://localhost:3000 is not ok. TypeError: fetch failed","level":"high","createdAt":"2023-12-16T14:54:40.012Z"}
{"message":"http://localhost:3000 is not ok. TypeError: fetch failed","level":"high","createdAt":"2023-12-16T14:54:45.011Z"}
{"message":"http://localhost:3000 is not ok. TypeError: fetch failed","level":"high","createdAt":"2023-12-16T14:54:45.012Z"}
{"message":"http://localhost:3000 is not ok. TypeError: fetch failed","level":"high","createdAt":"2023-12-16T14:54:45.011Z"}
{"message":"http://localhost:3000 is not ok. TypeError: fetch failed","level":"high","createdAt":"2023-12-16T14:54:50.014Z"}
{"message":"http://localhost:3000 is not ok. TypeError: fetch failed","level":"high","createdAt":"2023-12-16T14:54:50.013Z"}
{"message":"http://localhost:3000 is not ok. TypeError: fetch failed","level":"high","createdAt":"2023-12-16T14:54:50.014Z"}
{"message":"http://localhost:3000 is not ok. TypeError: fetch failed","level":"high","createdAt":"2023-12-16T14:54:55.010Z"}
{"message":"http://localhost:3000 is not ok. TypeError: fetch failed","level":"high","createdAt":"2023-12-16T14:54:55.010Z"}
{"message":"http://localhost:3000 is not ok. TypeError: fetch failed","level":"high","createdAt":"2023-12-16T14:54:55.010Z"}
{"message":"http://localhost:3000 is not ok. TypeError: fetch failed","level":"high","createdAt":"2023-12-16T14:55:00.013Z"}
{"message":"http://localhost:3000 is not ok. TypeError: fetch failed","level":"high","createdAt":"2023-12-16T14:55:00.013Z"}
{"message":"http://localhost:3000 is not ok. TypeError: fetch failed","level":"high","createdAt":"2023-12-16T14:55:00.014Z"}
{"message":"http://localhost:3000 is not ok. TypeError: fetch failed","level":"high","createdAt":"2023-12-16T14:55:05.013Z"}
{"message":"http://localhost:3000 is not ok. TypeError: fetch failed","level":"high","createdAt":"2023-12-16T14:55:05.014Z"}
{"message":"http://localhost:3000 is not ok. TypeError: fetch failed","level":"high","createdAt":"2023-12-16T14:55:05.013Z"}
{"message":"http://localhost:3000 is not ok. TypeError: fetch failed","level":"high","createdAt":"2023-12-16T14:55:10.011Z"}
{"message":"http://localhost:3000 is not ok. TypeError: fetch failed","level":"high","createdAt":"2023-12-16T14:55:10.010Z"}
{"message":"http://localhost:3000 is not ok. TypeError: fetch failed","level":"high","createdAt":"2023-12-16T14:55:10.011Z"}
{"message":"http://localhost:3000 is not ok. TypeError: fetch failed","level":"high","createdAt":"2023-12-16T14:55:15.004Z"}
{"message":"http://localhost:3000 is not ok. TypeError: fetch failed","level":"high","createdAt":"2023-12-16T14:55:15.004Z"}
{"message":"http://localhost:3000 is not ok. TypeError: fetch failed","level":"high","createdAt":"2023-12-16T14:55:15.004Z"}
{"message":"http://localhost:3000 is not ok. TypeError: fetch failed","level":"high","createdAt":"2023-12-16T14:55:20.012Z"}
{"message":"http://localhost:3000 is not ok. TypeError: fetch failed","level":"high","createdAt":"2023-12-16T14:55:20.012Z"}
{"message":"http://localhost:3000 is not ok. TypeError: fetch failed","level":"high","createdAt":"2023-12-16T14:55:25.011Z"}
{"message":"http://localhost:3000 is not ok. TypeError: fetch failed","level":"high","createdAt":"2023-12-16T14:55:30.014Z"}
{"message":"http://localhost:3000 is not ok. TypeError: fetch failed","level":"high","createdAt":"2023-12-16T14:55:35.018Z"}
{"message":"http://localhost:3000 is not ok. TypeError: fetch failed","level":"high","createdAt":"2023-12-16T14:55:40.007Z"}
{"message":"http://localhost:3000 is not ok. TypeError: fetch failed","level":"high","createdAt":"2023-12-16T14:55:45.009Z"}
{"message":"http://localhost:3000 is not ok. TypeError: fetch failed","level":"high","createdAt":"2023-12-16T14:55:50.006Z"}
{"message":"http://localhost:3000 is not ok. TypeError: fetch failed","level":"high","createdAt":"2023-12-16T14:55:55.027Z"}
{"message":"http://localhost:3000 is not ok. TypeError: fetch failed","level":"high","createdAt":"2023-12-16T14:56:00.009Z"}
{"message":"http://localhost:3000 is not ok. TypeError: fetch failed","level":"high","createdAt":"2023-12-16T14:56:05.007Z"}
{"message":"http://localhost:3000 is not ok. TypeError: fetch failed","level":"high","createdAt":"2023-12-16T14:56:10.009Z"}
{"message":"http://localhost:3000 is not ok. TypeError: fetch failed","level":"high","createdAt":"2023-12-16T14:56:15.009Z"}
{"message":"http://localhost:3000 is not ok. TypeError: fetch failed","level":"high","createdAt":"2023-12-16T14:56:20.009Z"}
{"message":"http://localhost:3000 is not ok. TypeError: fetch failed","level":"high","createdAt":"2023-12-16T14:56:25.008Z"}
{"message":"http://localhost:3000 is not ok. TypeError: fetch failed","level":"high","createdAt":"2023-12-16T14:56:30.010Z"}
{"message":"http://localhost:3000 is not ok. TypeError: fetch failed","level":"high","createdAt":"2023-12-16T14:56:35.006Z"}
{"message":"http://localhost:3000 is not ok. TypeError: fetch failed","level":"high","createdAt":"2023-12-16T14:56:40.004Z"}
{"message":"http://localhost:3000 is not ok. TypeError: fetch failed","level":"high","createdAt":"2023-12-16T14:56:45.004Z"}
{"message":"http://localhost:3000 is not ok. TypeError: fetch failed","level":"high","createdAt":"2023-12-16T14:56:50.012Z"}
{"message":"http://localhost:3000 is not ok. TypeError: fetch failed","level":"high","createdAt":"2023-12-16T14:56:55.010Z"}
{"message":"http://localhost:3000 is not ok. TypeError: fetch failed","level":"high","createdAt":"2023-12-16T14:57:00.004Z"}
{"message":"http://localhost:3000 is not ok. TypeError: fetch failed","level":"high","createdAt":"2023-12-16T14:57:05.014Z"}
{"message":"http://localhost:3000 is not ok. TypeError: fetch failed","level":"high","createdAt":"2023-12-16T14:57:10.004Z"}
{"message":"http://localhost:3000 is not ok. TypeError: fetch failed","level":"high","createdAt":"2023-12-16T14:57:15.030Z"}
{"message":"http://localhost:3000 is not ok. TypeError: fetch failed","level":"high","createdAt":"2023-12-16T14:57:20.007Z"}
{"message":"http://localhost:3000 is not ok. TypeError: fetch failed","level":"high","createdAt":"2023-12-16T14:57:25.005Z"}
{"message":"http://localhost:3000 is not ok. TypeError: fetch failed","level":"high","createdAt":"2023-12-16T14:57:30.014Z"}
{"message":"http://localhost:3000 is not ok. TypeError: fetch failed","level":"high","createdAt":"2023-12-16T14:57:35.013Z"}
{"message":"http://localhost:3000 is not ok. TypeError: fetch failed","level":"high","createdAt":"2023-12-16T14:57:40.010Z"}
{"message":"http://localhost:3000 is not ok. TypeError: fetch failed","level":"high","createdAt":"2023-12-16T14:57:45.013Z"}
{"message":"http://localhost:3000 is not ok. TypeError: fetch failed","level":"high","createdAt":"2023-12-16T14:57:50.009Z"}
{"message":"http://localhost:3000 is not ok. TypeError: fetch failed","level":"high","createdAt":"2023-12-16T14:57:55.009Z"}
{"message":"http://localhost:3000 is not ok. TypeError: fetch failed","level":"high","createdAt":"2023-12-16T14:58:00.013Z"}
{"message":"http://localhost:3000 is not ok. TypeError: fetch failed","level":"high","createdAt":"2023-12-16T14:58:05.009Z"}
{"message":"http://localhost:3000 is not ok. TypeError: fetch failed","level":"high","createdAt":"2023-12-16T14:58:10.011Z"}
{"message":"http://localhost:3000 is not ok. TypeError: fetch failed","level":"high","createdAt":"2023-12-16T14:58:15.012Z"}
{"message":"http://localhost:3000 is not ok. TypeError: fetch failed","level":"high","createdAt":"2023-12-16T14:58:20.010Z"}
{"message":"http://localhost:3000 is not ok. TypeError: fetch failed","level":"high","createdAt":"2023-12-16T14:58:25.003Z"}
{"message":"http://localhost:3000 is not ok. TypeError: fetch failed","level":"high","createdAt":"2023-12-16T14:58:30.011Z"}
{"message":"http://localhost:3000 is not ok. TypeError: fetch failed","level":"high","createdAt":"2023-12-16T14:58:35.013Z"}
{"message":"http://localhost:3000 is not ok. TypeError: fetch failed","level":"high","createdAt":"2023-12-16T14:58:40.005Z"}
{"message":"http://localhost:3000 is not ok. TypeError: fetch failed","level":"high","createdAt":"2023-12-16T14:58:45.008Z"}
{"message":"http://localhost:3000 is not ok. TypeError: fetch failed","level":"high","createdAt":"2023-12-16T14:58:50.003Z"}
{"message":"http://localhost:3000 is not ok. TypeError: fetch failed","level":"high","createdAt":"2023-12-16T14:58:55.013Z"}
{"message":"http://localhost:3000 is not ok. TypeError: fetch failed","level":"high","createdAt":"2023-12-16T14:59:00.005Z"}
{"message":"http://localhost:3000 is not ok. TypeError: fetch failed","level":"high","createdAt":"2023-12-16T14:59:05.012Z"}
{"message":"http://localhost:3000 is not ok. TypeError: fetch failed","level":"high","createdAt":"2023-12-16T14:59:10.013Z"}
{"message":"http://localhost:3000 is not ok. TypeError: fetch failed","level":"high","createdAt":"2023-12-16T14:59:15.003Z"}
{"message":"http://localhost:3000 is not ok. TypeError: fetch failed","level":"high","createdAt":"2023-12-16T14:59:20.003Z"}
{"message":"http://localhost:3000 is not ok. TypeError: fetch failed","level":"high","createdAt":"2023-12-16T14:59:25.005Z"}
{"message":"http://localhost:3000 is not ok. TypeError: fetch failed","level":"high","createdAt":"2023-12-16T14:59:30.014Z"}
{"message":"http://localhost:3000 is not ok. TypeError: fetch failed","level":"high","createdAt":"2023-12-16T14:59:35.004Z"}
{"message":"http://localhost:3000 is not ok. TypeError: fetch failed","level":"high","createdAt":"2023-12-16T14:59:40.022Z"}
{"message":"http://localhost:3000 is not ok. TypeError: fetch failed","level":"high","createdAt":"2023-12-16T14:59:45.005Z"}
{"message":"http://localhost:3000 is not ok. TypeError: fetch failed","level":"high","createdAt":"2023-12-16T14:59:50.015Z"}
{"message":"http://localhost:3000 is not ok. TypeError: fetch failed","level":"high","createdAt":"2023-12-16T14:59:55.013Z"}
{"message":"http://localhost:3000 is not ok. TypeError: fetch failed","level":"high","createdAt":"2023-12-16T15:00:00.009Z"}
{"message":"http://localhost:3000 is not ok. TypeError: fetch failed","level":"high","createdAt":"2023-12-16T15:00:05.013Z"}
{"message":"http://localhost:3000 is not ok. TypeError: fetch failed","level":"high","createdAt":"2023-12-16T15:00:45.041Z"}
{"message":"http://localhost:3000 is not ok. TypeError: fetch failed","level":"high","createdAt":"2023-12-16T15:00:50.005Z"}
{"message":"http://localhost:3000 is not ok. TypeError: fetch failed","level":"high","createdAt":"2023-12-16T15:00:55.007Z"}
{"message":"http://localhost:3000 is not ok. TypeError: fetch failed","level":"high","createdAt":"2023-12-16T15:01:00.014Z"}
{"message":"http://localhost:3000 is not ok. TypeError: fetch failed","level":"high","createdAt":"2023-12-16T15:01:05.010Z"}
{"message":"http://localhost:3000 is not ok. TypeError: fetch failed","level":"high","createdAt":"2023-12-16T15:01:10.018Z"}
{"message":"http://localhost:3000 is not ok. TypeError: fetch failed","level":"high","createdAt":"2023-12-16T15:01:15.015Z"}
{"message":"http://localhost:3000 is not ok. TypeError: fetch failed","level":"high","createdAt":"2023-12-16T15:01:20.007Z"}
{"message":"http://localhost:3000 is not ok. TypeError: fetch failed","level":"high","createdAt":"2023-12-16T15:01:25.016Z"}
{"message":"http://localhost:3000 is not ok. TypeError: fetch failed","level":"high","createdAt":"2023-12-16T15:01:30.025Z"}
{"message":"http://localhost:3000 is not ok. TypeError: fetch failed","level":"high","createdAt":"2023-12-16T15:01:35.016Z"}
{"message":"http://localhost:3000 is not ok. TypeError: fetch failed","level":"high","createdAt":"2023-12-16T15:01:40.006Z"}
{"message":"http://localhost:3000 is not ok. TypeError: fetch failed","level":"high","createdAt":"2023-12-16T15:01:45.012Z"}
{"message":"http://localhost:3000 is not ok. TypeError: fetch failed","level":"high","createdAt":"2023-12-16T15:01:50.015Z"}
{"message":"http://localhost:3000 is not ok. TypeError: fetch failed","level":"high","createdAt":"2023-12-16T15:01:55.016Z"}
{"message":"http://localhost:3000 is not ok. TypeError: fetch failed","level":"high","createdAt":"2023-12-16T15:02:00.016Z"}
{"message":"http://localhost:3000 is not ok. TypeError: fetch failed","level":"high","createdAt":"2023-12-16T15:02:05.017Z"}
{"message":"http://localhost:3000 is not ok. TypeError: fetch failed","level":"high","createdAt":"2023-12-16T15:02:10.014Z"}
{"message":"http://localhost:3000 is not ok. TypeError: fetch failed","level":"high","createdAt":"2023-12-16T15:02:15.016Z"}
{"message":"http://localhost:3000 is not ok. TypeError: fetch failed","level":"high","createdAt":"2023-12-16T15:02:20.016Z"}
{"message":"http://localhost:3000 is not ok. TypeError: fetch failed","level":"high","createdAt":"2023-12-16T15:02:25.008Z"}
{"message":"http://localhost:3000 is not ok. TypeError: fetch failed","level":"high","createdAt":"2023-12-16T15:02:30.002Z"}
{"message":"http://localhost:3000 is not ok. TypeError: fetch failed","level":"high","createdAt":"2023-12-16T15:02:35.018Z"}
{"message":"http://localhost:3000 is not ok. TypeError: fetch failed","level":"high","createdAt":"2023-12-16T15:02:40.012Z"}
{"message":"http://localhost:3000 is not ok. TypeError: fetch failed","level":"high","createdAt":"2023-12-16T15:02:45.015Z"}
{"message":"http://localhost:3000 is not ok. TypeError: fetch failed","level":"high","createdAt":"2023-12-16T15:02:45.052Z"}
{"message":"http://localhost:3000 is not ok. TypeError: fetch failed","level":"high","createdAt":"2023-12-16T15:02:50.006Z"}
{"message":"http://localhost:3000 is not ok. TypeError: fetch failed","level":"high","createdAt":"2023-12-16T15:02:50.006Z"}
{"message":"http://localhost:3000 is not ok. TypeError: fetch failed","level":"high","createdAt":"2023-12-16T15:02:55.007Z"}
{"message":"http://localhost:3000 is not ok. TypeError: fetch failed","level":"high","createdAt":"2023-12-16T15:02:55.010Z"}
{"message":"http://localhost:3000 is not ok. TypeError: fetch failed","level":"high","createdAt":"2023-12-16T15:03:00.014Z"}
{"message":"http://localhost:3000 is not ok. TypeError: fetch failed","level":"high","createdAt":"2023-12-16T15:03:00.014Z"}
{"message":"http://localhost:3000 is not ok. TypeError: fetch failed","level":"high","createdAt":"2023-12-16T15:03:05.008Z"}
{"message":"http://localhost:3000 is not ok. TypeError: fetch failed","level":"high","createdAt":"2023-12-16T15:03:05.011Z"}
{"message":"http://localhost:3000 is not ok. TypeError: fetch failed","level":"high","createdAt":"2023-12-16T15:03:10.013Z"}
{"message":"http://localhost:3000 is not ok. TypeError: fetch failed","level":"high","createdAt":"2023-12-16T15:03:15.018Z"}
{"message":"http://localhost:3000 is not ok. TypeError: fetch failed","level":"high","createdAt":"2023-12-16T15:03:20.016Z"}
{"message":"Service https://google.com working","level":"low","createdAt":"2023-12-16T15:03:25.516Z"}
{"message":"Service https://google.com working","level":"low","createdAt":"2023-12-16T15:03:30.178Z"}
{"message":"Service https://google.com working","level":"low","createdAt":"2023-12-16T15:03:35.436Z"}
{"message":"Service https://google.com working","level":"low","createdAt":"2023-12-16T15:03:40.181Z"}
{"message":"Service https://google.com working","level":"low","createdAt":"2023-12-16T15:03:45.289Z"}
{"message":"Service https://google.com working","level":"low","createdAt":"2023-12-16T15:03:50.305Z"}
{"message":"Service https://google.com working","level":"low","createdAt":"2023-12-16T15:03:55.306Z"}
{"message":"Service https://google.com working","level":"low","createdAt":"2023-12-16T15:04:00.315Z"}
{"message":"Service https://google.com working","level":"low","createdAt":"2023-12-16T15:04:05.418Z"}
{"message":"Service https://google.com working","level":"low","createdAt":"2023-12-16T15:04:10.186Z"}
{"message":"Service https://google.com working","level":"low","createdAt":"2023-12-16T15:04:15.598Z"}
{"message":"Service https://google.com working","level":"low","createdAt":"2023-12-16T15:04:20.176Z"}
{"message":"Service https://google.com working","level":"low","createdAt":"2023-12-16T15:04:25.423Z"}
{"message":"Service https://google.com working","level":"low","createdAt":"2023-12-16T15:04:30.172Z"}
{"message":"Service https://google.com working","level":"low","createdAt":"2023-12-16T15:04:35.298Z"}
{"message":"Service https://google.com working","level":"low","createdAt":"2023-12-16T15:04:40.312Z"}
{"message":"Service https://google.com working","level":"low","createdAt":"2023-12-16T15:04:45.300Z"}
{"message":"Service https://google.com working","level":"low","createdAt":"2023-12-16T15:04:50.301Z"}
{"message":"Service https://google.com working","level":"low","createdAt":"2023-12-16T15:04:55.447Z"}
{"message":"Service https://google.com working","level":"low","createdAt":"2023-12-16T15:05:00.172Z"}
{"message":"Service https://google.com working","level":"low","createdAt":"2023-12-16T15:05:05.293Z"}
{"message":"Service https://google.com working","level":"low","createdAt":"2023-12-16T15:05:10.304Z"}
{"message":"Service https://google.com working","level":"low","createdAt":"2023-12-16T15:05:15.299Z"}
{"message":"Service https://google.com working","level":"low","createdAt":"2023-12-16T15:05:20.299Z"}
{"message":"Service https://google.com working","level":"low","createdAt":"2023-12-16T15:05:25.426Z"}
{"message":"Service https://google.com working","level":"low","createdAt":"2023-12-16T15:04:40.533Z"}
{"message":"Service https://google.com working","level":"low","createdAt":"2023-12-16T15:05:30.179Z"}
{"message":"Service https://google.com working","level":"low","createdAt":"2023-12-16T15:05:35.297Z"}
{"message":"Service https://google.com working","level":"low","createdAt":"2023-12-16T15:05:40.303Z"}
{"message":"Service https://google.com working","level":"low","createdAt":"2023-12-16T15:05:45.324Z"}
{"message":"Service https://google.com working","level":"low","createdAt":"2023-12-16T15:05:50.317Z"}
{"message":"Service https://google.com working","level":"low","createdAt":"2023-12-16T15:05:55.430Z"}
{"message":"Service https://google.com working","level":"low","createdAt":"2023-12-16T15:06:00.179Z"}
{"message":"Service https://google.com working","level":"low","createdAt":"2023-12-16T15:06:05.311Z"}
{"message":"Service https://google.com working","level":"low","createdAt":"2023-12-16T15:06:10.301Z"}
{"message":"Service https://google.com working","level":"low","createdAt":"2023-12-16T15:06:15.304Z"}
{"message":"Service https://google.com working","level":"low","createdAt":"2023-12-16T15:06:13.114Z"}
{"message":"Service https://google.com working","level":"low","createdAt":"2023-12-16T15:06:16.885Z"}
{"message":"Service https://google.com working","level":"low","createdAt":"2023-12-16T15:06:20.286Z"}
{"message":"Service https://google.com working","level":"low","createdAt":"2023-12-16T15:06:25.421Z"}
{"message":"Service https://google.com working","level":"low","createdAt":"2023-12-16T15:06:30.171Z"}
{"message":"Service https://google.com working","level":"low","createdAt":"2023-12-16T15:06:35.298Z"}
{"message":"Service https://google.com working","level":"low","createdAt":"2023-12-16T15:06:40.322Z"}
{"message":"Service https://google.com working","level":"low","createdAt":"2023-12-16T15:06:45.301Z"}
{"message":"Service https://google.com working","level":"low","createdAt":"2023-12-16T15:06:50.308Z"}
{"message":"Service https://google.com working","level":"low","createdAt":"2023-12-16T15:06:55.425Z"}
{"message":"Service https://google.com working","level":"low","createdAt":"2023-12-16T15:07:00.173Z"}
{"message":"Service https://google.com working","level":"low","createdAt":"2023-12-16T15:07:05.435Z"}
{"message":"Service https://google.com working","level":"low","createdAt":"2023-12-16T15:07:10.168Z"}
{"message":"Service https://google.com working","level":"low","createdAt":"2023-12-16T15:07:15.447Z"}
{"message":"Service https://google.com working","level":"low","createdAt":"2023-12-16T15:07:20.175Z"}
{"message":"Service https://google.com working","level":"low","createdAt":"2023-12-16T15:07:25.314Z"}
{"message":"Service https://google.com working","level":"low","createdAt":"2023-12-16T15:07:30.298Z"}
{"message":"Service https://google.com working","level":"low","createdAt":"2023-12-16T15:07:35.309Z"}
{"message":"Service https://google.com working","level":"low","createdAt":"2023-12-16T15:07:40.323Z"}
{"message":"Service https://google.com working","level":"low","createdAt":"2023-12-16T15:07:45.422Z"}
{"message":"Service https://google.com working","level":"low","createdAt":"2023-12-16T15:07:50.613Z"}
{"message":"Service https://google.com working","level":"low","createdAt":"2023-12-16T15:07:55.645Z"}
{"message":"Service https://google.com working","level":"low","createdAt":"2023-12-16T15:08:00.607Z"}
{"message":"Service https://google.com working","level":"low","createdAt":"2023-12-16T15:08:05.180Z"}
{"message":"Service https://google.com working","level":"low","createdAt":"2023-12-16T15:08:10.529Z"}
{"message":"Service https://google.com working","level":"low","createdAt":"2023-12-16T15:08:15.528Z"}
{"message":"Service https://google.com working","level":"low","createdAt":"2023-12-16T15:08:20.179Z"}
{"message":"Service https://google.com working","level":"low","createdAt":"2023-12-16T15:08:25.428Z"}
{"message":"Service https://google.com working","level":"low","createdAt":"2023-12-16T15:08:30.498Z"}
{"message":"Service https://google.com working","level":"low","createdAt":"2023-12-16T15:08:35.504Z"}
{"message":"Service https://google.com working","level":"low","createdAt":"2023-12-16T15:08:40.175Z"}
{"message":"Service https://google.com working","level":"low","createdAt":"2023-12-16T15:08:50.515Z"}
{"message":"Service https://google.com working","level":"low","createdAt":"2023-12-16T15:08:55.181Z"}
{"message":"Service https://google.com working","level":"low","createdAt":"2023-12-16T15:09:00.449Z"}
{"message":"Service https://google.com working","level":"low","createdAt":"2023-12-16T15:09:05.271Z"}
{"message":"Service https://google.com working","level":"low","createdAt":"2023-12-16T15:09:10.465Z"}
{"message":"Service https://google.com working","level":"low","createdAt":"2023-12-16T15:09:15.178Z"}
{"message":"Service https://google.com working","level":"low","createdAt":"2023-12-16T15:09:20.433Z"}
{"message":"Service https://google.com working","level":"low","createdAt":"2023-12-16T15:09:25.169Z"}
{"message":"Service https://google.com working","level":"low","createdAt":"2023-12-16T15:09:30.306Z"}
{"message":"Service https://google.com working","level":"low","createdAt":"2023-12-16T15:09:35.307Z"}
{"message":"Service https://google.com working","level":"low","createdAt":"2023-12-16T15:09:40.296Z"}
{"message":"Service https://google.com working","level":"low","createdAt":"2023-12-16T15:09:45.293Z"}
{"message":"Service https://google.com working","level":"low","createdAt":"2023-12-16T15:09:50.385Z"}
{"message":"Service https://google.com working","level":"low","createdAt":"2023-12-16T15:09:55.302Z"}
{"message":"Service https://google.com working","level":"low","createdAt":"2023-12-16T15:10:00.424Z"}
{"message":"Service https://google.com working","level":"low","createdAt":"2023-12-16T15:10:05.176Z"}
{"message":"Service https://google.com working","level":"low","createdAt":"2023-12-16T15:10:10.432Z"}
{"message":"Service https://google.com working","level":"low","createdAt":"2023-12-16T15:10:15.170Z"}
{"message":"Service https://google.com working","level":"low","createdAt":"2023-12-16T15:10:20.440Z"}
{"message":"Service https://google.com working","level":"low","createdAt":"2023-12-16T15:10:25.171Z"}
{"message":"Service https://google.com working","level":"low","createdAt":"2023-12-16T15:10:30.443Z"}
{"message":"Service https://google.com working","level":"low","createdAt":"2023-12-16T15:10:35.185Z"}
{"message":"Service https://google.com working","level":"low","createdAt":"2023-12-16T15:10:40.435Z"}
{"message":"Service https://google.com working","level":"low","createdAt":"2023-12-16T15:10:45.265Z"}
{"message":"Service https://google.com working","level":"low","createdAt":"2023-12-16T15:10:50.303Z"}
{"message":"Service https://google.com working","level":"low","createdAt":"2023-12-16T15:10:55.316Z"}
{"message":"Service https://google.com working","level":"low","createdAt":"2023-12-16T15:11:00.298Z"}
{"message":"Service https://google.com working","level":"low","createdAt":"2023-12-16T15:11:05.297Z"}
{"message":"Service https://google.com working","level":"low","createdAt":"2023-12-16T15:11:10.309Z"}
{"message":"Service https://google.com working","level":"low","createdAt":"2023-12-16T15:11:15.290Z"}
{"message":"Service https://google.com working","level":"low","createdAt":"2023-12-16T15:11:20.428Z"}
{"message":"Service https://google.com working","level":"low","createdAt":"2023-12-16T15:11:25.180Z"}
{"message":"Service https://google.com working","level":"low","createdAt":"2023-12-16T15:11:30.454Z"}
{"message":"Service https://google.com working","level":"low","createdAt":"2023-12-16T15:11:35.175Z"}
{"message":"Service https://google.com working","level":"low","createdAt":"2023-12-16T15:11:40.444Z"}
{"message":"Service https://google.com working","level":"low","createdAt":"2023-12-16T15:11:45.191Z"}
{"message":"Service https://google.com working","level":"low","createdAt":"2023-12-16T15:11:50.291Z"}
{"message":"Service https://google.com working","level":"low","createdAt":"2023-12-16T15:11:55.346Z"}
{"message":"Service https://google.com working","level":"low","createdAt":"2023-12-16T15:12:00.321Z"}
{"message":"Service https://google.com working","level":"low","createdAt":"2023-12-16T15:12:05.315Z"}
{"message":"Service https://google.com working","level":"low","createdAt":"2023-12-16T15:12:10.444Z"}
{"message":"Service https://google.com working","level":"low","createdAt":"2023-12-16T15:12:15.172Z"}
{"message":"Service https://google.com working","level":"low","createdAt":"2023-12-16T15:12:20.431Z"}
{"message":"Service https://google.com working","level":"low","createdAt":"2023-12-16T15:12:25.177Z"}
{"message":"Service https://google.com working","level":"low","createdAt":"2023-12-16T15:12:30.438Z"}
{"message":"Service https://google.com working","level":"low","createdAt":"2023-12-16T15:12:35.177Z"}
{"message":"Service https://google.com working","level":"low","createdAt":"2023-12-16T15:12:40.525Z"}
{"message":"Service https://google.com working","level":"low","createdAt":"2023-12-16T15:12:45.184Z"}
{"message":"Service https://google.com working","level":"low","createdAt":"2023-12-16T15:12:50.424Z"}
{"message":"Service https://google.com working","level":"low","createdAt":"2023-12-16T15:12:55.189Z"}
{"message":"Service https://google.com working","level":"low","createdAt":"2023-12-16T15:13:00.438Z"}
{"message":"Service https://google.com working","level":"low","createdAt":"2023-12-16T15:13:05.176Z"}
{"message":"Service https://google.com working","level":"low","createdAt":"2023-12-16T15:13:10.437Z"}
{"message":"Service https://google.com working","level":"low","createdAt":"2023-12-16T15:13:15.192Z"}
{"message":"Service https://google.com working","level":"low","createdAt":"2023-12-16T15:13:20.440Z"}
{"message":"Service https://google.com working","level":"low","createdAt":"2023-12-16T15:13:25.192Z"}
{"message":"Service https://google.com working","level":"low","createdAt":"2023-12-16T15:13:30.311Z"}
{"message":"Service https://google.com working","level":"low","createdAt":"2023-12-16T15:13:35.316Z"}
{"message":"Service https://google.com working","level":"low","createdAt":"2023-12-16T15:13:40.300Z"}
{"message":"Service https://google.com working","level":"low","createdAt":"2023-12-16T15:13:45.310Z"}
{"message":"Service https://google.com working","level":"low","createdAt":"2023-12-16T15:13:50.436Z"}
{"message":"Service https://google.com working","level":"low","createdAt":"2023-12-16T15:13:55.177Z"}
{"message":"Service https://google.com working","level":"low","createdAt":"2023-12-16T15:14:00.456Z"}
{"message":"Service https://google.com working","level":"low","createdAt":"2023-12-16T15:14:05.188Z"}
{"message":"Service https://google.com working","level":"low","createdAt":"2023-12-16T15:14:10.426Z"}
{"message":"Service https://google.com working","level":"low","createdAt":"2023-12-16T15:14:15.185Z"}
{"message":"Service https://google.com working","level":"low","createdAt":"2023-12-16T15:14:20.402Z"}
{"message":"Service https://google.com working","level":"low","createdAt":"2023-12-16T15:14:25.316Z"}
{"message":"Service https://google.com working","level":"low","createdAt":"2023-12-16T15:14:30.402Z"}
{"message":"Service https://google.com working","level":"low","createdAt":"2023-12-16T15:14:35.317Z"}
{"message":"Service https://google.com working","level":"low","createdAt":"2023-12-16T15:14:40.447Z"}
{"message":"Service https://google.com working","level":"low","createdAt":"2023-12-16T15:14:45.183Z"}
{"message":"Service https://google.com working","level":"low","createdAt":"2023-12-16T15:14:50.317Z"}
{"message":"Service https://google.com working","level":"low","createdAt":"2023-12-16T15:14:55.322Z"}
{"message":"Service https://google.com working","level":"low","createdAt":"2023-12-16T15:15:00.318Z"}
{"message":"Service https://google.com working","level":"low","createdAt":"2023-12-16T15:15:05.303Z"}
{"message":"Service https://google.com working","level":"low","createdAt":"2023-12-16T15:15:10.439Z"}
{"message":"Service https://google.com working","level":"low","createdAt":"2023-12-16T15:15:15.189Z"}
{"message":"Service https://google.com working","level":"low","createdAt":"2023-12-16T15:15:20.299Z"}
{"message":"Service https://google.com working","level":"low","createdAt":"2023-12-16T15:15:25.398Z"}
{"message":"Service https://google.com working","level":"low","createdAt":"2023-12-16T15:15:30.308Z"}
{"message":"Service https://google.com working","level":"low","createdAt":"2023-12-16T15:15:35.298Z"}
{"message":"Service https://google.com working","level":"low","createdAt":"2023-12-16T15:15:40.434Z"}
{"message":"Service https://google.com working","level":"low","createdAt":"2023-12-16T15:15:45.167Z"}
{"message":"Service https://google.com working","level":"low","createdAt":"2023-12-16T15:15:50.409Z"}
{"message":"Service https://google.com working","level":"low","createdAt":"2023-12-16T15:15:55.167Z"}
{"message":"Service https://google.com working","level":"low","createdAt":"2023-12-16T15:16:00.567Z"}
{"message":"Service https://google.com working","level":"low","createdAt":"2023-12-16T15:16:05.265Z"}
{"message":"Service https://google.com working","level":"low","createdAt":"2023-12-16T15:16:10.422Z"}
{"message":"Service https://google.com working","level":"low","createdAt":"2023-12-16T15:16:15.178Z"}
{"message":"Service https://google.com working","level":"low","createdAt":"2023-12-16T15:16:20.429Z"}
{"message":"Service https://google.com working","level":"low","createdAt":"2023-12-16T15:16:25.171Z"}
{"message":"Service https://google.com working","level":"low","createdAt":"2023-12-16T15:16:30.416Z"}
{"message":"Service https://google.com working","level":"low","createdAt":"2023-12-16T15:16:35.190Z"}
{"message":"Service https://google.com working","level":"low","createdAt":"2023-12-16T15:16:40.437Z"}
{"message":"Service https://google.com working","level":"low","createdAt":"2023-12-16T15:16:45.173Z"}
{"message":"Service https://google.com working","level":"low","createdAt":"2023-12-16T15:16:50.434Z"}
{"message":"Service https://google.com working","level":"low","createdAt":"2023-12-16T15:16:55.182Z"}
{"message":"Service https://google.com working","level":"low","createdAt":"2023-12-16T15:17:00.304Z"}
{"message":"Service https://google.com working","level":"low","createdAt":"2023-12-16T15:17:05.320Z"}
{"message":"Service https://google.com working","level":"low","createdAt":"2023-12-16T15:17:10.321Z"}
{"message":"Service https://google.com working","level":"low","createdAt":"2023-12-16T15:17:15.309Z"}
{"message":"Service https://google.com working","level":"low","createdAt":"2023-12-16T15:17:20.445Z"}
{"message":"Service https://google.com working","level":"low","createdAt":"2023-12-16T15:17:25.183Z"}
{"message":"Service https://google.com working","level":"low","createdAt":"2023-12-16T15:17:30.314Z"}
{"message":"Service https://google.com working","level":"low","createdAt":"2023-12-16T15:17:35.292Z"}
{"message":"Service https://google.com working","level":"low","createdAt":"2023-12-16T15:17:40.314Z"}
{"message":"Service https://google.com working","level":"low","createdAt":"2023-12-16T15:17:45.301Z"}
{"message":"Service https://google.com working","level":"low","createdAt":"2023-12-16T15:17:50.335Z"}
{"message":"Service https://google.com working","level":"low","createdAt":"2023-12-16T15:17:55.311Z"}
{"message":"Service https://google.com working","level":"low","createdAt":"2023-12-16T15:18:00.446Z"}
{"message":"Service https://google.com working","level":"low","createdAt":"2023-12-16T15:18:05.171Z"}
{"message":"Service https://google.com working","level":"low","createdAt":"2023-12-16T15:18:10.594Z"}
{"message":"Service https://google.com working","level":"low","createdAt":"2023-12-16T15:18:15.184Z"}
{"message":"Service https://google.com working","level":"low","createdAt":"2023-12-16T15:18:20.563Z"}
{"message":"Service https://google.com working","level":"low","createdAt":"2023-12-16T15:18:25.181Z"}
{"message":"Service https://google.com working","level":"low","createdAt":"2023-12-16T15:18:30.455Z"}
{"message":"Service https://google.com working","level":"low","createdAt":"2023-12-16T15:18:35.181Z"}
{"message":"Service https://google.com working","level":"low","createdAt":"2023-12-16T15:18:40.439Z"}
{"message":"Service https://google.com working","level":"low","createdAt":"2023-12-16T15:18:45.189Z"}
{"message":"Service https://google.com working","level":"low","createdAt":"2023-12-16T15:18:50.314Z"}
{"message":"Service https://google.com working","level":"low","createdAt":"2023-12-16T15:18:55.299Z"}
{"message":"Service https://google.com working","level":"low","createdAt":"2023-12-16T15:19:00.304Z"}
{"message":"Service https://google.com working","level":"low","createdAt":"2023-12-16T15:19:05.312Z"}
{"message":"Service https://google.com working","level":"low","createdAt":"2023-12-16T15:19:10.312Z"}
{"message":"Service https://google.com working","level":"low","createdAt":"2023-12-16T15:19:15.313Z"}
{"message":"Service https://google.com working","level":"low","createdAt":"2023-12-16T15:19:20.411Z"}
{"message":"Service https://google.com working","level":"low","createdAt":"2023-12-16T15:19:25.174Z"}
{"message":"Service https://google.com working","level":"low","createdAt":"2023-12-16T15:19:30.289Z"}
{"message":"Service https://google.com working","level":"low","createdAt":"2023-12-16T15:19:35.305Z"}
{"message":"Service https://google.com working","level":"low","createdAt":"2023-12-16T15:19:40.298Z"}
{"message":"Service https://google.com working","level":"low","createdAt":"2023-12-16T15:19:45.311Z"}
{"message":"Service https://google.com working","level":"low","createdAt":"2023-12-16T15:19:50.305Z"}
{"message":"Service https://google.com working","level":"low","createdAt":"2023-12-16T15:19:55.450Z"}
{"message":"Service https://google.com working","level":"low","createdAt":"2023-12-16T15:20:00.175Z"}
{"message":"Service https://google.com working","level":"low","createdAt":"2023-12-16T15:20:05.314Z"}
{"message":"Service https://google.com working","level":"low","createdAt":"2023-12-16T15:20:10.295Z"}
{"message":"Service https://google.com working","level":"low","createdAt":"2023-12-16T15:20:15.314Z"}
{"message":"Service https://google.com working","level":"low","createdAt":"2023-12-16T15:20:20.306Z"}
{"message":"Service https://google.com working","level":"low","createdAt":"2023-12-16T15:20:25.433Z"}
{"message":"Service https://google.com working","level":"low","createdAt":"2023-12-16T15:20:30.178Z"}
{"message":"Service https://google.com working","level":"low","createdAt":"2023-12-16T15:20:35.489Z"}
{"message":"Service https://google.com working","level":"low","createdAt":"2023-12-16T15:20:40.193Z"}
{"message":"Service https://google.com working","level":"low","createdAt":"2023-12-16T15:20:45.430Z"}
{"message":"Service https://google.com working","level":"low","createdAt":"2023-12-16T15:20:50.175Z"}
{"message":"Service https://google.com working","level":"low","createdAt":"2023-12-16T15:20:55.426Z"}
{"message":"Service https://google.com working","level":"low","createdAt":"2023-12-16T15:21:00.299Z"}
{"message":"Service https://google.com working","level":"low","createdAt":"2023-12-16T15:21:05.299Z"}
{"message":"Service https://google.com working","level":"low","createdAt":"2023-12-16T15:21:10.310Z"}
{"message":"Service https://google.com working","level":"low","createdAt":"2023-12-16T15:21:15.316Z"}
